<?xml version="1.0" encoding="UTF-8" ?>
<testsuite tests="6" failures="2" name="runner.TestRunner" time="0.01" errors="0" skipped="0">
  <properties>
[...]
</properties>
  <testcase classname="| Nikon |" name="Given open amazon site &quot;http://www.amazon.com&quot;" time="0.005"/>
  <testcase classname="| Nikon |" name="When user searches for product &quot;Nikon&quot;" time="0"/>
  <testcase classname="| Nikon |" name="And user clicks on sorts functionality to sort the results from High to low price" time="0"/>
  <testcase classname="| Nikon |" name="And user clicks on the second product from sorted result page" time="0"/>
  <testcase classname="| Nikon |" name="Then verify in details page whether product topic contains text &quot;Nikon D3X&quot;" time="0.002">
    <failure type="java.lang.AssertionError">java.lang.AssertionError
	at org.junit.Assert.fail(Assert.java:86)
	at org.junit.Assert.assertTrue(Assert.java:41)
	at org.junit.Assert.assertTrue(Assert.java:52)
	at StepDefinition.Amazon_Search_Test.verify_in_details_page_whether_product_topic_contains_text(Amazon_Search_Test.java:83)
	at ✽.Then verify in details page whether product topic contains text &quot;Nikon D3X&quot;(Amazon_search.feature:8)
</failure>
  </testcase>
  <testcase classname="| Nikon |" name="| Nikon |" time="0.003">
    <failure type="java.lang.AssertionError">java.lang.AssertionError
	at org.junit.Assert.fail(Assert.java:86)
	at org.junit.Assert.assertTrue(Assert.java:41)
	at org.junit.Assert.assertTrue(Assert.java:52)
	at StepDefinition.Amazon_Search_Test.verify_in_details_page_whether_product_topic_contains_text(Amazon_Search_Test.java:83)
	at ✽.Then verify in details page whether product topic contains text &quot;Nikon D3X&quot;(Amazon_search.feature:8)
</failure>
  </testcase>
</testsuite>